2015-05-25 10:15:17.509 burgerking[28335:795108] DiskCookieStorage changing policy from 2 to 0, cookie file: file:///Users/baiqunwei/Library/Developer/CoreSimulator/Devices/B61C556A-6DF0-4764-AEED-C9563EDF1BCD/data/Containers/Data/Application/F3CDB020-0218-41E5-9677-0530673C17D0/Library/Cookies/Cookies.binarycookies
2015-05-25 10:15:17.606 burgerking[28335:795108] Apache Cordova native platform version 3.8.0 is starting.
2015-05-25 10:15:17.607 burgerking[28335:795108] Multi-tasking -> Device: YES, App: YES
2015-05-25 10:15:17.610 burgerking[28335:795108] Unlimited access to network resources
2015-05-25 10:15:17.840 burgerking[28335:795108] Resetting plugins due to page load.
2015-05-25 10:15:18.331 burgerking[28335:795108] Finished load of: file:///Users/baiqunwei/Library/Developer/CoreSimulator/Devices/B61C556A-6DF0-4764-AEED-C9563EDF1BCD/data/Containers/Bundle/Application/B657908C-DB72-4044-9035-FC627534C191/burgerking.app/www/index.html#/bkchina/menu/home/history
2015-05-25 10:15:49.072 burgerking[28553:795782] DiskCookieStorage changing policy from 2 to 0, cookie file: file:///Users/baiqunwei/Library/Developer/CoreSimulator/Devices/B61C556A-6DF0-4764-AEED-C9563EDF1BCD/data/Containers/Data/Application/0324C0BA-5DC6-49EC-893D-36239C5079EF/Library/Cookies/Cookies.binarycookies
2015-05-25 10:15:49.151 burgerking[28553:795782] Apache Cordova native platform version 3.8.0 is starting.
2015-05-25 10:15:49.152 burgerking[28553:795782] Multi-tasking -> Device: YES, App: YES
2015-05-25 10:15:49.154 burgerking[28553:795782] Unlimited access to network resources
2015-05-25 10:15:49.352 burgerking[28553:795782] Resetting plugins due to page load.
2015-05-25 10:15:49.734 burgerking[28553:795782] Finished load of: file:///Users/baiqunwei/Library/Developer/CoreSimulator/Devices/B61C556A-6DF0-4764-AEED-C9563EDF1BCD/data/Containers/Bundle/Application/946B471D-D564-4FC3-B6BB-BAFD59ED8FE7/burgerking.app/www/index.html#/bkchina/menu/home/history
2015-05-25 10:16:18.415 burgerking[28772:796442] DiskCookieStorage changing policy from 2 to 0, cookie file: file:///Users/baiqunwei/Library/Developer/CoreSimulator/Devices/B61C556A-6DF0-4764-AEED-C9563EDF1BCD/data/Containers/Data/Application/1ED20480-6261-480D-93AE-F0A92888B02C/Library/Cookies/Cookies.binarycookies
2015-05-25 10:16:18.502 burgerking[28772:796442] Apache Cordova native platform version 3.8.0 is starting.
2015-05-25 10:16:18.503 burgerking[28772:796442] Multi-tasking -> Device: YES, App: YES
2015-05-25 10:16:18.506 burgerking[28772:796442] Unlimited access to network resources
2015-05-25 10:16:18.704 burgerking[28772:796442] Resetting plugins due to page load.
2015-05-25 10:16:19.109 burgerking[28772:796442] Finished load of: file:///Users/baiqunwei/Library/Developer/CoreSimulator/Devices/B61C556A-6DF0-4764-AEED-C9563EDF1BCD/data/Containers/Bundle/Application/4BD5E091-D44F-4186-8693-7953892D3EAD/burgerking.app/www/index.html#/bkchina/menu/home/history
2015-05-25 10:18:20.506 burgerking[29005:798278] DiskCookieStorage changing policy from 2 to 0, cookie file: file:///Users/baiqunwei/Library/Developer/CoreSimulator/Devices/B61C556A-6DF0-4764-AEED-C9563EDF1BCD/data/Containers/Data/Application/95F43AB2-3B30-4554-A604-786ECE773146/Library/Cookies/Cookies.binarycookies
2015-05-25 10:18:20.588 burgerking[29005:798278] Apache Cordova native platform version 3.8.0 is starting.
2015-05-25 10:18:20.589 burgerking[29005:798278] Multi-tasking -> Device: YES, App: YES
2015-05-25 10:18:20.591 burgerking[29005:798278] Unlimited access to network resources
2015-05-25 10:18:20.753 burgerking[29005:798278] Resetting plugins due to page load.
2015-05-25 10:18:21.092 burgerking[29005:798278] Finished load of: file:///Users/baiqunwei/Library/Developer/CoreSimulator/Devices/B61C556A-6DF0-4764-AEED-C9563EDF1BCD/data/Containers/Bundle/Application/FC73D8E6-A9CE-4143-A01B-C1BD5BC61FD5/burgerking.app/www/index.html#/bkchina/menu/home/history
2015-05-25 10:18:53.769 burgerking[29222:799029] DiskCookieStorage changing policy from 2 to 0, cookie file: file:///Users/baiqunwei/Library/Developer/CoreSimulator/Devices/B61C556A-6DF0-4764-AEED-C9563EDF1BCD/data/Containers/Data/Application/C8E3BC03-17E4-426C-8DA5-D324DCE58364/Library/Cookies/Cookies.binarycookies
2015-05-25 10:18:53.832 burgerking[29222:799029] Apache Cordova native platform version 3.8.0 is starting.
2015-05-25 10:18:53.833 burgerking[29222:799029] Multi-tasking -> Device: YES, App: YES
2015-05-25 10:18:53.834 burgerking[29222:799029] Unlimited access to network resources
2015-05-25 10:18:53.986 burgerking[29222:799029] Resetting plugins due to page load.
2015-05-25 10:18:54.395 burgerking[29222:799029] Finished load of: file:///Users/baiqunwei/Library/Developer/CoreSimulator/Devices/B61C556A-6DF0-4764-AEED-C9563EDF1BCD/data/Containers/Bundle/Application/AEC27EC4-61F1-47D1-9DA3-F875EC0285F2/burgerking.app/www/index.html#/bkchina/menu/home/history
2015-05-25 10:19:26.088 burgerking[29441:799776] DiskCookieStorage changing policy from 2 to 0, cookie file: file:///Users/baiqunwei/Library/Developer/CoreSimulator/Devices/B61C556A-6DF0-4764-AEED-C9563EDF1BCD/data/Containers/Data/Application/67F6766C-5841-4E18-B297-70B1F3293C47/Library/Cookies/Cookies.binarycookies
2015-05-25 10:19:26.175 burgerking[29441:799776] Apache Cordova native platform version 3.8.0 is starting.
2015-05-25 10:19:26.176 burgerking[29441:799776] Multi-tasking -> Device: YES, App: YES
2015-05-25 10:19:26.179 burgerking[29441:799776] Unlimited access to network resources
2015-05-25 10:19:26.370 burgerking[29441:799776] Resetting plugins due to page load.
2015-05-25 10:19:26.883 burgerking[29441:799776] Finished load of: file:///Users/baiqunwei/Library/Developer/CoreSimulator/Devices/B61C556A-6DF0-4764-AEED-C9563EDF1BCD/data/Containers/Bundle/Application/39EC9ECF-4A1C-4392-AE22-DBB3AB450C9B/burgerking.app/www/index.html#/bkchina/menu/home/history
2015-05-25 10:20:15.659 burgerking[29662:800563] DiskCookieStorage changing policy from 2 to 0, cookie file: file:///Users/baiqunwei/Library/Developer/CoreSimulator/Devices/B61C556A-6DF0-4764-AEED-C9563EDF1BCD/data/Containers/Data/Application/0F34F684-E178-41C7-A514-1C4BA0F3A9D5/Library/Cookies/Cookies.binarycookies
2015-05-25 10:20:15.748 burgerking[29662:800563] Apache Cordova native platform version 3.8.0 is starting.
2015-05-25 10:20:15.749 burgerking[29662:800563] Multi-tasking -> Device: YES, App: YES
2015-05-25 10:20:15.752 burgerking[29662:800563] Unlimited access to network resources
2015-05-25 10:20:15.943 burgerking[29662:800563] Resetting plugins due to page load.
2015-05-25 10:20:16.431 burgerking[29662:800563] Finished load of: file:///Users/baiqunwei/Library/Developer/CoreSimulator/Devices/B61C556A-6DF0-4764-AEED-C9563EDF1BCD/data/Containers/Bundle/Application/CCC8746E-1337-4F9E-843C-80A766AA4F33/burgerking.app/www/index.html#/bkchina/menu/home/history
2015-05-25 10:57:29.699 burgerking[30146:821707] DiskCookieStorage changing policy from 2 to 0, cookie file: file:///Users/baiqunwei/Library/Developer/CoreSimulator/Devices/B61C556A-6DF0-4764-AEED-C9563EDF1BCD/data/Containers/Data/Application/8759FC23-F76C-4CD8-BCA9-672EF0F0FF39/Library/Cookies/Cookies.binarycookies
2015-05-25 10:57:29.796 burgerking[30146:821707] Apache Cordova native platform version 3.8.0 is starting.
2015-05-25 10:57:29.797 burgerking[30146:821707] Multi-tasking -> Device: YES, App: YES
2015-05-25 10:57:29.799 burgerking[30146:821707] Unlimited access to network resources
2015-05-25 10:57:30.009 burgerking[30146:821707] Resetting plugins due to page load.
2015-05-25 10:57:30.469 burgerking[30146:821707] Finished load of: file:///Users/baiqunwei/Library/Developer/CoreSimulator/Devices/B61C556A-6DF0-4764-AEED-C9563EDF1BCD/data/Containers/Bundle/Application/39B51CC8-8C44-4550-A893-F520483F91DD/burgerking.app/www/index.html#/bkchina/menu/home/history
2015-05-25 11:39:12.884 burgerking[30496:847260] DiskCookieStorage changing policy from 2 to 0, cookie file: file:///Users/baiqunwei/Library/Developer/CoreSimulator/Devices/B61C556A-6DF0-4764-AEED-C9563EDF1BCD/data/Containers/Data/Application/303AAA30-DAC8-4E2D-8035-F3128E87D9FB/Library/Cookies/Cookies.binarycookies
2015-05-25 11:39:12.974 burgerking[30496:847260] Apache Cordova native platform version 3.8.0 is starting.
2015-05-25 11:39:12.975 burgerking[30496:847260] Multi-tasking -> Device: YES, App: YES
2015-05-25 11:39:12.978 burgerking[30496:847260] Unlimited access to network resources
2015-05-25 11:39:13.226 burgerking[30496:847260] Resetting plugins due to page load.
2015-05-25 11:39:13.898 burgerking[30496:847260] Finished load of: file:///Users/baiqunwei/Library/Developer/CoreSimulator/Devices/B61C556A-6DF0-4764-AEED-C9563EDF1BCD/data/Containers/Bundle/Application/D8901C48-76BE-42F8-8810-9AB11BCD08C6/burgerking.app/www/index.html#/bkchina/menu/home/history
